============================================================
s543 — Tech Vol Stress (VXN/VIX divergence)
============================================================
[s543] Downloading …
[s543] Cached
[s543] Composite: mean=0.49, std=1.51
[harness] Loaded 2 tickers from cache (2966c01f7a12.csv)
[harness] Fold 1/12: train 2010-01-04-2015-01-05 | test 2015-02-05-2016-02-04 | net ret 0.38% ann'd
[harness] Fold 2/12: train 2010-01-04-2016-01-05 | test 2016-02-05-2017-02-03 | net ret 0.45% ann'd
[harness] Fold 3/12: train 2010-01-04-2017-01-04 | test 2017-02-06-2018-02-05 | net ret 1.19% ann'd
[harness] Fold 4/12: train 2010-01-04-2018-01-04 | test 2018-02-06-2019-02-06 | net ret 0.19% ann'd
[harness] Fold 5/12: train 2010-01-04-2019-01-07 | test 2019-02-07-2020-02-06 | net ret 5.82% ann'd
[harness] Fold 6/12: train 2010-01-04-2020-01-07 | test 2020-02-07-2021-02-05 | net ret 4.06% ann'd
[harness] Fold 7/12: train 2010-01-04-2021-01-06 | test 2021-02-08-2022-02-04 | net ret 1.31% ann'd
[harness] Fold 8/12: train 2010-01-04-2022-01-05 | test 2022-02-07-2023-02-07 | net ret -2.06% ann'd
[harness] Fold 9/12: train 2010-01-04-2023-01-06 | test 2023-02-08-2024-02-08 | net ret 2.96% ann'd
[harness] Fold 10/12: train 2010-01-04-2024-01-09 | test 2024-02-09-2025-02-11 | net ret 3.22% ann'd
[harness] Fold 11/12: train 2010-01-04-2025-01-10 | test 2025-02-12-2026-02-12 | net ret 1.56% ann'd
[harness] Fold 12/12: train 2010-01-04-2026-01-13 | test 2026-02-13-2026-06-15 | net ret 6.21% ann'd

============================================================
s543 — Tech Vol Stress
============================================================
SCORE                0.817
sharpe_net           0.817
sharpe_gross         1.0345
deflated_sharpe      0.817
sortino              1.066
max_dd_pct           -5.5
ann_turnover         3.3
n_trades             323
win_rate             0.497
beta_spy             0.0
oos_years            11.3

---
SCORE                0.817
sharpe_net           0.817
sharpe_gross         1.0345
deflated_sharpe      0.817
sortino              1.066
max_dd_pct           -5.5
ann_turnover         3.3
n_trades             323
win_rate             0.497
beta_spy             0.0
oos_years            11.3

LEDGER_ROW	s543	tech-vol-stress	qqq-tlt	0.817	0.817	-5.5	3.3	0	keep	VXNDIVERGE: VXN/VIX ratio divergence + VIX level + QQQ/TLT corr, disc 3-tier
