============================================================
s541 — Nasdaq Regime (QQQ+TLT)
============================================================
[s541] Downloading …
[s541] Cached
[s541] Composite: mean=0.99, std=1.88
[harness] Downloading 2 tickers from yfinance …
[harness] Cached to C:\Users\mszel\quantloop\data\2966c01f7a12.csv
[harness] Fold 1/12: train 2010-01-04-2015-01-05 | test 2015-02-05-2016-02-04 | net ret 0.45% ann'd
[harness] Fold 2/12: train 2010-01-04-2016-01-05 | test 2016-02-05-2017-02-03 | net ret 0.79% ann'd
[harness] Fold 3/12: train 2010-01-04-2017-01-04 | test 2017-02-06-2018-02-05 | net ret 2.04% ann'd
[harness] Fold 4/12: train 2010-01-04-2018-01-04 | test 2018-02-06-2019-02-06 | net ret 1.34% ann'd
[harness] Fold 5/12: train 2010-01-04-2019-01-07 | test 2019-02-07-2020-02-06 | net ret 4.24% ann'd
[harness] Fold 6/12: train 2010-01-04-2020-01-07 | test 2020-02-07-2021-02-05 | net ret 2.46% ann'd
[harness] Fold 7/12: train 2010-01-04-2021-01-06 | test 2021-02-08-2022-02-04 | net ret 1.68% ann'd
[harness] Fold 8/12: train 2010-01-04-2022-01-05 | test 2022-02-07-2023-02-07 | net ret -1.68% ann'd
[harness] Fold 9/12: train 2010-01-04-2023-01-06 | test 2023-02-08-2024-02-08 | net ret 4.20% ann'd
[harness] Fold 10/12: train 2010-01-04-2024-01-09 | test 2024-02-09-2025-02-11 | net ret 2.79% ann'd
[harness] Fold 11/12: train 2010-01-04-2025-01-10 | test 2025-02-12-2026-02-12 | net ret 2.32% ann'd
[harness] Fold 12/12: train 2010-01-04-2026-01-13 | test 2026-02-13-2026-06-15 | net ret 7.74% ann'd

============================================================
s541 — Nasdaq Regime
============================================================
SCORE                0.8756
sharpe_net           0.8756
sharpe_gross         1.021
deflated_sharpe      0.8756
sortino              1.1064
max_dd_pct           -4.7
ann_turnover         1.9
n_trades             202
win_rate             0.5146
beta_spy             0.0
oos_years            11.3

---
SCORE                0.8756
sharpe_net           0.8756
sharpe_gross         1.021
deflated_sharpe      0.8756
sortino              1.1064
max_dd_pct           -4.7
ann_turnover         1.9
n_trades             202
win_rate             0.5146
beta_spy             0.0
oos_years            11.3

LEDGER_ROW	s541	qqq-regime	qqq-tlt	0.8756	0.8756	-4.7	1.9	0	keep	QQQREG: champion risk appetite recipe on QQQ+TLT instead of SPY+TLT
