============================================================
s544 — Aggregated Stock Reversal Pressure
============================================================
[s544] This will take 2-5 minutes…
[s544] Downloading 200 stocks (this will take a minute) …
$ABC: possibly delisted; no timezone found
$RAD: possibly delisted; no timezone found
$CND: possibly delisted; no timezone found
$ANTM: possibly delisted; no timezone found
$DNKN: possibly delisted; no timezone found
$HES: possibly delisted; no timezone found
$WBA: possibly delisted; no timezone found
$UPSS: possibly delisted; no timezone found
$WAG: possibly delisted; no price data found  (1d 2010-01-01 -> 2026-06-16)
$SAVE: possibly delisted; no timezone found
$K: possibly delisted; no timezone found

11 Failed downloads:
['ABC', 'RAD', 'CND', 'ANTM', 'DNKN', 'HES', 'WBA', 'UPSS', 'SAVE', 'K']: possibly delisted; no timezone found
['WAG']: possibly delisted; no price data found  (1d 2010-01-01 -> 2026-06-16)
[s544] Cached (4137, 191)
[s544] Avg z-score: mean=-0.009, std=0.552
[s544] Extreme breadth: mean=0.121
[harness] Loaded 2 tickers from cache (dab4f62e9fe5.csv)
[harness] Fold 1/12: train 2010-01-04-2015-01-05 | test 2015-02-05-2016-02-04 | net ret -0.02% ann'd
[harness] Fold 2/12: train 2010-01-04-2016-01-05 | test 2016-02-05-2017-02-03 | net ret 0.21% ann'd
[harness] Fold 3/12: train 2010-01-04-2017-01-04 | test 2017-02-06-2018-02-05 | net ret 1.02% ann'd
[harness] Fold 4/12: train 2010-01-04-2018-01-04 | test 2018-02-06-2019-02-06 | net ret 0.27% ann'd
[harness] Fold 5/12: train 2010-01-04-2019-01-07 | test 2019-02-07-2020-02-06 | net ret 0.37% ann'd
[harness] Fold 6/12: train 2010-01-04-2020-01-07 | test 2020-02-07-2021-02-05 | net ret -1.11% ann'd
[harness] Fold 7/12: train 2010-01-04-2021-01-06 | test 2021-02-08-2022-02-04 | net ret 1.14% ann'd
[harness] Fold 8/12: train 2010-01-04-2022-01-05 | test 2022-02-07-2023-02-07 | net ret -2.96% ann'd
[harness] Fold 9/12: train 2010-01-04-2023-01-06 | test 2023-02-08-2024-02-08 | net ret 0.57% ann'd
[harness] Fold 10/12: train 2010-01-04-2024-01-09 | test 2024-02-09-2025-02-11 | net ret 0.51% ann'd
[harness] Fold 11/12: train 2010-01-04-2025-01-10 | test 2025-02-12-2026-02-12 | net ret 1.24% ann'd
[harness] Fold 12/12: train 2010-01-04-2026-01-13 | test 2026-02-13-2026-06-12 | net ret 1.10% ann'd

============================================================
s544 — Crowd Wisdom Reversal
============================================================
SCORE                0.0562
sharpe_net           0.0562
sharpe_gross         0.4241
deflated_sharpe      0.0562
sortino              0.069
max_dd_pct           -4.9
ann_turnover         5.2
n_trades             402
win_rate             0.4799
beta_spy             0.0
oos_years            11.3

---
SCORE                0.0562
sharpe_net           0.0562
sharpe_gross         0.4241
deflated_sharpe      0.0562
sortino              0.069
max_dd_pct           -4.9
ann_turnover         5.2
n_trades             402
win_rate             0.4799
beta_spy             0.0
oos_years            11.3

LEDGER_ROW	s544	crowd-reversal	spy-tlt	0.0562	0.0562	-4.9	5.2	0	keep	CROWD: aggregated 5d reversal z-score across 200 stocks for SPY/TLT timing
